<?xml version="1.0" encoding="UTF-8"?>
<robot generator="Robot 4.1.2 (Python 3.8.5 on win32)" generated="20211214 10:52:01.990" rpa="false" schemaversion="2">
<suite id="s1" name="Tests" source="E:\Documents\DLSU files\Year 3\Term 1\STSWENG\SauceDemoRobot\robot_framework\tests">
<suite id="s1-s1" name="Locked User" source="E:\Documents\DLSU files\Year 3\Term 1\STSWENG\SauceDemoRobot\robot_framework\tests\locked_user.robot">
<test id="s1-s1-t1" name="Locked User">
<kw name="Open Browser" library="SeleniumLibrary">
<arg>https://www.saucedemo.com/</arg>
<arg>edge</arg>
<doc>Opens a new browser instance to the optional ``url``.</doc>
<msg timestamp="20211214 10:52:02.423" level="INFO">Opening browser 'edge' to base url 'https://www.saucedemo.com/'.</msg>
<status status="PASS" starttime="20211214 10:52:02.423" endtime="20211214 10:52:04.115"/>
</kw>
<kw name="Maximize Browser Window" library="SeleniumLibrary">
<doc>Maximizes current browser window.</doc>
<status status="PASS" starttime="20211214 10:52:04.116" endtime="20211214 10:52:04.258"/>
</kw>
<kw name="Page Should Contain Button" library="SeleniumLibrary">
<arg>login-button</arg>
<doc>Verifies button ``locator`` is found from current page.</doc>
<msg timestamp="20211214 10:52:04.278" level="INFO">Current page contains input 'login-button'.</msg>
<status status="PASS" starttime="20211214 10:52:04.258" endtime="20211214 10:52:04.278"/>
</kw>
<kw name="Input Text" library="SeleniumLibrary">
<arg>user-name</arg>
<arg>locked_out_user</arg>
<doc>Types the given ``text`` into the text field identified by ``locator``.</doc>
<msg timestamp="20211214 10:52:04.279" level="INFO">Typing text 'locked_out_user' into text field 'user-name'.</msg>
<status status="PASS" starttime="20211214 10:52:04.279" endtime="20211214 10:52:04.391"/>
</kw>
<kw name="Input Password" library="SeleniumLibrary">
<arg>password</arg>
<arg>secret_sauce</arg>
<doc>Types the given password into the text field identified by ``locator``.</doc>
<msg timestamp="20211214 10:52:04.392" level="INFO">Typing password into text field 'password'.</msg>
<msg timestamp="20211214 10:52:04.428" level="INFO">Temporally setting log level to: NONE</msg>
<msg timestamp="20211214 10:52:04.475" level="INFO">Log level changed from NONE to INFO.</msg>
<status status="PASS" starttime="20211214 10:52:04.391" endtime="20211214 10:52:04.475"/>
</kw>
<kw name="Click Button" library="SeleniumLibrary">
<arg>login-button</arg>
<doc>Clicks the button identified by ``locator``.</doc>
<msg timestamp="20211214 10:52:04.476" level="INFO">Clicking button 'login-button'.</msg>
<status status="PASS" starttime="20211214 10:52:04.476" endtime="20211214 10:52:04.530"/>
</kw>
<kw name="Element Text Should Be" library="SeleniumLibrary">
<arg>class:error-message-container</arg>
<arg>Epic sadface: Sorry, this user has been locked out.</arg>
<doc>Verifies that element ``locator`` contains exact the text ``expected``.</doc>
<msg timestamp="20211214 10:52:04.531" level="INFO">Verifying element 'class:error-message-container' contains exact text 'Epic sadface: Sorry, this user has been locked out.'.</msg>
<status status="PASS" starttime="20211214 10:52:04.530" endtime="20211214 10:52:04.563"/>
</kw>
<kw name="Close Browser" library="SeleniumLibrary" type="TEARDOWN">
<doc>Closes the current browser.</doc>
<status status="PASS" starttime="20211214 10:52:04.564" endtime="20211214 10:52:06.710"/>
</kw>
<status status="PASS" starttime="20211214 10:52:02.422" endtime="20211214 10:52:06.710"/>
</test>
<doc>Test Case 2 - Unsuccessful user log in by a locked out user</doc>
<status status="PASS" starttime="20211214 10:52:02.027" endtime="20211214 10:52:06.713"/>
</suite>
<suite id="s1-s2" name="Problem User" source="E:\Documents\DLSU files\Year 3\Term 1\STSWENG\SauceDemoRobot\robot_framework\tests\problem_user.robot">
<test id="s1-s2-t1" name="Problem User">
<kw name="Open Browser" library="SeleniumLibrary">
<arg>https://www.saucedemo.com/</arg>
<arg>edge</arg>
<doc>Opens a new browser instance to the optional ``url``.</doc>
<msg timestamp="20211214 10:52:06.722" level="INFO">Opening browser 'edge' to base url 'https://www.saucedemo.com/'.</msg>
<status status="PASS" starttime="20211214 10:52:06.721" endtime="20211214 10:52:08.285"/>
</kw>
<kw name="Maximize Browser Window" library="SeleniumLibrary">
<doc>Maximizes current browser window.</doc>
<status status="PASS" starttime="20211214 10:52:08.286" endtime="20211214 10:52:08.417"/>
</kw>
<kw name="Page Should Contain Button" library="SeleniumLibrary">
<arg>login-button</arg>
<doc>Verifies button ``locator`` is found from current page.</doc>
<msg timestamp="20211214 10:52:08.440" level="INFO">Current page contains input 'login-button'.</msg>
<status status="PASS" starttime="20211214 10:52:08.417" endtime="20211214 10:52:08.441"/>
</kw>
<kw name="Input Text" library="SeleniumLibrary">
<arg>user-name</arg>
<arg>problem_user</arg>
<doc>Types the given ``text`` into the text field identified by ``locator``.</doc>
<msg timestamp="20211214 10:52:08.442" level="INFO">Typing text 'problem_user' into text field 'user-name'.</msg>
<status status="PASS" starttime="20211214 10:52:08.441" endtime="20211214 10:52:08.549"/>
</kw>
<kw name="Input Password" library="SeleniumLibrary">
<arg>password</arg>
<arg>secret_sauce</arg>
<doc>Types the given password into the text field identified by ``locator``.</doc>
<msg timestamp="20211214 10:52:08.549" level="INFO">Typing password into text field 'password'.</msg>
<msg timestamp="20211214 10:52:08.585" level="INFO">Temporally setting log level to: NONE</msg>
<msg timestamp="20211214 10:52:08.632" level="INFO">Log level changed from NONE to INFO.</msg>
<status status="PASS" starttime="20211214 10:52:08.549" endtime="20211214 10:52:08.632"/>
</kw>
<kw name="Click Button" library="SeleniumLibrary">
<arg>login-button</arg>
<doc>Clicks the button identified by ``locator``.</doc>
<msg timestamp="20211214 10:52:08.632" level="INFO">Clicking button 'login-button'.</msg>
<status status="PASS" starttime="20211214 10:52:08.632" endtime="20211214 10:52:08.755"/>
</kw>
<kw name="Set Selenium Implicit Wait" library="SeleniumLibrary">
<arg>2 seconds</arg>
<doc>Sets the implicit wait value used by Selenium.</doc>
<status status="PASS" starttime="20211214 10:52:08.755" endtime="20211214 10:52:08.757"/>
</kw>
<kw name="Page Should Contain Image" library="SeleniumLibrary">
<arg>${dog}</arg>
<doc>Verifies image identified by ``locator`` is found from current page.</doc>
<msg timestamp="20211214 10:52:08.775" level="INFO">Current page contains image '/static/media/sl-404.168b1cce.jpg'.</msg>
<status status="PASS" starttime="20211214 10:52:08.757" endtime="20211214 10:52:08.775"/>
</kw>
<kw name="Close Browser" library="SeleniumLibrary" type="TEARDOWN">
<doc>Closes the current browser.</doc>
<status status="PASS" starttime="20211214 10:52:08.776" endtime="20211214 10:52:10.914"/>
</kw>
<status status="PASS" starttime="20211214 10:52:06.720" endtime="20211214 10:52:10.915"/>
</test>
<doc>Test Case 4 - Logged in as problem user and sees a broken inventory page</doc>
<status status="PASS" starttime="20211214 10:52:06.715" endtime="20211214 10:52:10.916"/>
</suite>
<suite id="s1-s3" name="Sort Name" source="E:\Documents\DLSU files\Year 3\Term 1\STSWENG\SauceDemoRobot\robot_framework\tests\sort_name.robot">
<test id="s1-s3-t1" name="A-Z">
<kw name="Open Browser" library="SeleniumLibrary">
<arg>https://www.saucedemo.com/</arg>
<arg>edge</arg>
<doc>Opens a new browser instance to the optional ``url``.</doc>
<msg timestamp="20211214 10:52:10.924" level="INFO">Opening browser 'edge' to base url 'https://www.saucedemo.com/'.</msg>
<status status="PASS" starttime="20211214 10:52:10.924" endtime="20211214 10:52:12.462"/>
</kw>
<kw name="Maximize Browser Window" library="SeleniumLibrary">
<doc>Maximizes current browser window.</doc>
<status status="PASS" starttime="20211214 10:52:12.463" endtime="20211214 10:52:12.596"/>
</kw>
<kw name="Page Should Contain Button" library="SeleniumLibrary">
<arg>login-button</arg>
<doc>Verifies button ``locator`` is found from current page.</doc>
<msg timestamp="20211214 10:52:12.616" level="INFO">Current page contains input 'login-button'.</msg>
<status status="PASS" starttime="20211214 10:52:12.596" endtime="20211214 10:52:12.617"/>
</kw>
<kw name="Input Text" library="SeleniumLibrary">
<arg>user-name</arg>
<arg>standard_user</arg>
<doc>Types the given ``text`` into the text field identified by ``locator``.</doc>
<msg timestamp="20211214 10:52:12.618" level="INFO">Typing text 'standard_user' into text field 'user-name'.</msg>
<status status="PASS" starttime="20211214 10:52:12.617" endtime="20211214 10:52:12.737"/>
</kw>
<kw name="Input Password" library="SeleniumLibrary">
<arg>password</arg>
<arg>secret_sauce</arg>
<doc>Types the given password into the text field identified by ``locator``.</doc>
<msg timestamp="20211214 10:52:12.738" level="INFO">Typing password into text field 'password'.</msg>
<msg timestamp="20211214 10:52:12.782" level="INFO">Temporally setting log level to: NONE</msg>
<msg timestamp="20211214 10:52:12.834" level="INFO">Log level changed from NONE to INFO.</msg>
<status status="PASS" starttime="20211214 10:52:12.738" endtime="20211214 10:52:12.834"/>
</kw>
<kw name="Click Button" library="SeleniumLibrary">
<arg>login-button</arg>
<doc>Clicks the button identified by ``locator``.</doc>
<msg timestamp="20211214 10:52:12.835" level="INFO">Clicking button 'login-button'.</msg>
<status status="PASS" starttime="20211214 10:52:12.834" endtime="20211214 10:52:12.938"/>
</kw>
<kw name="Element Text Should Be" library="SeleniumLibrary">
<arg>class:title</arg>
<arg>PRODUCTS</arg>
<doc>Verifies that element ``locator`` contains exact the text ``expected``.</doc>
<msg timestamp="20211214 10:52:12.939" level="INFO">Verifying element 'class:title' contains exact text 'PRODUCTS'.</msg>
<status status="PASS" starttime="20211214 10:52:12.939" endtime="20211214 10:52:12.972"/>
</kw>
<kw name="Select From List By Value" library="SeleniumLibrary">
<arg>class:product_sort_container</arg>
<arg>az</arg>
<doc>Selects options from selection list ``locator`` by ``values``.</doc>
<msg timestamp="20211214 10:52:12.973" level="INFO">Selecting options from selection list 'class:product_sort_container' by value az.</msg>
<status status="PASS" starttime="20211214 10:52:12.973" endtime="20211214 10:52:13.016"/>
</kw>
<kw name="Element Text Should Be" library="SeleniumLibrary">
<arg>class:active_option</arg>
<arg>NAME (A TO Z)</arg>
<doc>Verifies that element ``locator`` contains exact the text ``expected``.</doc>
<msg timestamp="20211214 10:52:13.017" level="INFO">Verifying element 'class:active_option' contains exact text 'NAME (A TO Z)'.</msg>
<status status="PASS" starttime="20211214 10:52:13.017" endtime="20211214 10:52:13.041"/>
</kw>
<status status="PASS" starttime="20211214 10:52:10.923" endtime="20211214 10:52:13.042"/>
</test>
<test id="s1-s3-t2" name="Z-A">
<kw name="Select From List By Value" library="SeleniumLibrary">
<arg>class:product_sort_container</arg>
<arg>za</arg>
<doc>Selects options from selection list ``locator`` by ``values``.</doc>
<msg timestamp="20211214 10:52:13.044" level="INFO">Selecting options from selection list 'class:product_sort_container' by value za.</msg>
<status status="PASS" starttime="20211214 10:52:13.044" endtime="20211214 10:52:13.123"/>
</kw>
<kw name="Element Text Should Be" library="SeleniumLibrary">
<arg>class:active_option</arg>
<arg>NAME (Z TO A)</arg>
<doc>Verifies that element ``locator`` contains exact the text ``expected``.</doc>
<msg timestamp="20211214 10:52:13.124" level="INFO">Verifying element 'class:active_option' contains exact text 'NAME (Z TO A)'.</msg>
<status status="PASS" starttime="20211214 10:52:13.124" endtime="20211214 10:52:13.143"/>
</kw>
<status status="PASS" starttime="20211214 10:52:13.043" endtime="20211214 10:52:13.144"/>
</test>
<test id="s1-s3-t3" name="Low-High">
<kw name="Select From List By Value" library="SeleniumLibrary">
<arg>class:product_sort_container</arg>
<arg>lohi</arg>
<doc>Selects options from selection list ``locator`` by ``values``.</doc>
<msg timestamp="20211214 10:52:13.146" level="INFO">Selecting options from selection list 'class:product_sort_container' by value lohi.</msg>
<status status="PASS" starttime="20211214 10:52:13.146" endtime="20211214 10:52:13.222"/>
</kw>
<kw name="Element Text Should Be" library="SeleniumLibrary">
<arg>class:active_option</arg>
<arg>PRICE (LOW TO HIGH)</arg>
<doc>Verifies that element ``locator`` contains exact the text ``expected``.</doc>
<msg timestamp="20211214 10:52:13.223" level="INFO">Verifying element 'class:active_option' contains exact text 'PRICE (LOW TO HIGH)'.</msg>
<status status="PASS" starttime="20211214 10:52:13.222" endtime="20211214 10:52:13.241"/>
</kw>
<status status="PASS" starttime="20211214 10:52:13.145" endtime="20211214 10:52:13.242"/>
</test>
<test id="s1-s3-t4" name="High-Low">
<kw name="Select From List By Value" library="SeleniumLibrary">
<arg>class:product_sort_container</arg>
<arg>hilo</arg>
<doc>Selects options from selection list ``locator`` by ``values``.</doc>
<msg timestamp="20211214 10:52:13.244" level="INFO">Selecting options from selection list 'class:product_sort_container' by value hilo.</msg>
<status status="PASS" starttime="20211214 10:52:13.243" endtime="20211214 10:52:13.327"/>
</kw>
<kw name="Element Text Should Be" library="SeleniumLibrary">
<arg>class:active_option</arg>
<arg>PRICE (HIGH TO LOW)</arg>
<doc>Verifies that element ``locator`` contains exact the text ``expected``.</doc>
<msg timestamp="20211214 10:52:13.328" level="INFO">Verifying element 'class:active_option' contains exact text 'PRICE (HIGH TO LOW)'.</msg>
<status status="PASS" starttime="20211214 10:52:13.328" endtime="20211214 10:52:13.348"/>
</kw>
<kw name="Close Browser" library="SeleniumLibrary" type="TEARDOWN">
<doc>Closes the current browser.</doc>
<status status="PASS" starttime="20211214 10:52:13.348" endtime="20211214 10:52:15.506"/>
</kw>
<status status="PASS" starttime="20211214 10:52:13.243" endtime="20211214 10:52:15.506"/>
</test>
<doc>Test Case 5:8 - Sorting</doc>
<status status="PASS" starttime="20211214 10:52:10.918" endtime="20211214 10:52:15.508"/>
</suite>
<suite id="s1-s4" name="Valid Login" source="E:\Documents\DLSU files\Year 3\Term 1\STSWENG\SauceDemoRobot\robot_framework\tests\valid_login.robot">
<test id="s1-s4-t1" name="Valid Login">
<kw name="Open Browser" library="SeleniumLibrary">
<arg>https://www.saucedemo.com/</arg>
<arg>edge</arg>
<doc>Opens a new browser instance to the optional ``url``.</doc>
<msg timestamp="20211214 10:52:15.516" level="INFO">Opening browser 'edge' to base url 'https://www.saucedemo.com/'.</msg>
<status status="PASS" starttime="20211214 10:52:15.516" endtime="20211214 10:52:17.113"/>
</kw>
<kw name="Maximize Browser Window" library="SeleniumLibrary">
<doc>Maximizes current browser window.</doc>
<status status="PASS" starttime="20211214 10:52:17.113" endtime="20211214 10:52:17.243"/>
</kw>
<kw name="Page Should Contain Button" library="SeleniumLibrary">
<arg>login-button</arg>
<doc>Verifies button ``locator`` is found from current page.</doc>
<msg timestamp="20211214 10:52:17.260" level="INFO">Current page contains input 'login-button'.</msg>
<status status="PASS" starttime="20211214 10:52:17.243" endtime="20211214 10:52:17.260"/>
</kw>
<kw name="Input Text" library="SeleniumLibrary">
<arg>user-name</arg>
<arg>standard_user</arg>
<doc>Types the given ``text`` into the text field identified by ``locator``.</doc>
<msg timestamp="20211214 10:52:17.261" level="INFO">Typing text 'standard_user' into text field 'user-name'.</msg>
<status status="PASS" starttime="20211214 10:52:17.261" endtime="20211214 10:52:17.373"/>
</kw>
<kw name="Input Password" library="SeleniumLibrary">
<arg>password</arg>
<arg>secret_sauce</arg>
<doc>Types the given password into the text field identified by ``locator``.</doc>
<msg timestamp="20211214 10:52:17.374" level="INFO">Typing password into text field 'password'.</msg>
<msg timestamp="20211214 10:52:17.413" level="INFO">Temporally setting log level to: NONE</msg>
<msg timestamp="20211214 10:52:17.459" level="INFO">Log level changed from NONE to INFO.</msg>
<status status="PASS" starttime="20211214 10:52:17.373" endtime="20211214 10:52:17.459"/>
</kw>
<kw name="Click Button" library="SeleniumLibrary">
<arg>login-button</arg>
<doc>Clicks the button identified by ``locator``.</doc>
<msg timestamp="20211214 10:52:17.460" level="INFO">Clicking button 'login-button'.</msg>
<status status="PASS" starttime="20211214 10:52:17.460" endtime="20211214 10:52:17.557"/>
</kw>
<kw name="Element Text Should Be" library="SeleniumLibrary">
<arg>class:title</arg>
<arg>PRODUCTS</arg>
<doc>Verifies that element ``locator`` contains exact the text ``expected``.</doc>
<msg timestamp="20211214 10:52:17.558" level="INFO">Verifying element 'class:title' contains exact text 'PRODUCTS'.</msg>
<status status="PASS" starttime="20211214 10:52:17.558" endtime="20211214 10:52:17.587"/>
</kw>
<kw name="Close Browser" library="SeleniumLibrary" type="TEARDOWN">
<doc>Closes the current browser.</doc>
<status status="PASS" starttime="20211214 10:52:17.588" endtime="20211214 10:52:19.735"/>
</kw>
<status status="PASS" starttime="20211214 10:52:15.515" endtime="20211214 10:52:19.735"/>
</test>
<doc>Test Case 1 - Successful User Log In</doc>
<status status="PASS" starttime="20211214 10:52:15.511" endtime="20211214 10:52:19.737"/>
</suite>
<suite id="s1-s5" name="Wrong Password" source="E:\Documents\DLSU files\Year 3\Term 1\STSWENG\SauceDemoRobot\robot_framework\tests\wrong_password.robot">
<test id="s1-s5-t1" name="Wrong Password">
<kw name="Open Browser" library="SeleniumLibrary">
<arg>https://www.saucedemo.com/</arg>
<arg>edge</arg>
<doc>Opens a new browser instance to the optional ``url``.</doc>
<msg timestamp="20211214 10:52:19.746" level="INFO">Opening browser 'edge' to base url 'https://www.saucedemo.com/'.</msg>
<status status="PASS" starttime="20211214 10:52:19.745" endtime="20211214 10:52:21.307"/>
</kw>
<kw name="Maximize Browser Window" library="SeleniumLibrary">
<doc>Maximizes current browser window.</doc>
<status status="PASS" starttime="20211214 10:52:21.308" endtime="20211214 10:52:21.451"/>
</kw>
<kw name="Page Should Contain Button" library="SeleniumLibrary">
<arg>login-button</arg>
<doc>Verifies button ``locator`` is found from current page.</doc>
<msg timestamp="20211214 10:52:21.471" level="INFO">Current page contains input 'login-button'.</msg>
<status status="PASS" starttime="20211214 10:52:21.451" endtime="20211214 10:52:21.471"/>
</kw>
<kw name="Input Text" library="SeleniumLibrary">
<arg>user-name</arg>
<arg>standard_user</arg>
<doc>Types the given ``text`` into the text field identified by ``locator``.</doc>
<msg timestamp="20211214 10:52:21.472" level="INFO">Typing text 'standard_user' into text field 'user-name'.</msg>
<status status="PASS" starttime="20211214 10:52:21.472" endtime="20211214 10:52:21.581"/>
</kw>
<kw name="Input Password" library="SeleniumLibrary">
<arg>password</arg>
<arg>wrong_password</arg>
<doc>Types the given password into the text field identified by ``locator``.</doc>
<msg timestamp="20211214 10:52:21.582" level="INFO">Typing password into text field 'password'.</msg>
<msg timestamp="20211214 10:52:21.620" level="INFO">Temporally setting log level to: NONE</msg>
<msg timestamp="20211214 10:52:21.672" level="INFO">Log level changed from NONE to INFO.</msg>
<status status="PASS" starttime="20211214 10:52:21.581" endtime="20211214 10:52:21.672"/>
</kw>
<kw name="Click Button" library="SeleniumLibrary">
<arg>login-button</arg>
<doc>Clicks the button identified by ``locator``.</doc>
<msg timestamp="20211214 10:52:21.673" level="INFO">Clicking button 'login-button'.</msg>
<status status="PASS" starttime="20211214 10:52:21.672" endtime="20211214 10:52:21.724"/>
</kw>
<kw name="Element Text Should Be" library="SeleniumLibrary">
<arg>class:error-message-container</arg>
<arg>Epic sadface: Username and password do not match any user in this service</arg>
<doc>Verifies that element ``locator`` contains exact the text ``expected``.</doc>
<msg timestamp="20211214 10:52:21.725" level="INFO">Verifying element 'class:error-message-container' contains exact text 'Epic sadface: Username and password do not match any user in this service'.</msg>
<status status="PASS" starttime="20211214 10:52:21.725" endtime="20211214 10:52:21.757"/>
</kw>
<kw name="Close Browser" library="SeleniumLibrary" type="TEARDOWN">
<doc>Closes the current browser.</doc>
<status status="PASS" starttime="20211214 10:52:21.758" endtime="20211214 10:52:23.897"/>
</kw>
<status status="PASS" starttime="20211214 10:52:19.745" endtime="20211214 10:52:23.897"/>
</test>
<doc>Test Case 3 - Typed wrong password</doc>
<status status="PASS" starttime="20211214 10:52:19.740" endtime="20211214 10:52:23.899"/>
</suite>
<status status="PASS" starttime="20211214 10:52:01.993" endtime="20211214 10:52:23.902"/>
</suite>
<statistics>
<total>
<stat pass="8" fail="0" skip="0">All Tests</stat>
</total>
<tag>
</tag>
<suite>
<stat pass="8" fail="0" skip="0" id="s1" name="Tests">Tests</stat>
<stat pass="1" fail="0" skip="0" id="s1-s1" name="Locked User">Tests.Locked User</stat>
<stat pass="1" fail="0" skip="0" id="s1-s2" name="Problem User">Tests.Problem User</stat>
<stat pass="4" fail="0" skip="0" id="s1-s3" name="Sort Name">Tests.Sort Name</stat>
<stat pass="1" fail="0" skip="0" id="s1-s4" name="Valid Login">Tests.Valid Login</stat>
<stat pass="1" fail="0" skip="0" id="s1-s5" name="Wrong Password">Tests.Wrong Password</stat>
</suite>
</statistics>
<errors>
</errors>
</robot>
